<?xml version="1.0" encoding="utf-8"?><testsuites name="pytest tests"><testsuite name="pytest" errors="0" failures="0" skipped="0" tests="7" time="1.043" timestamp="2026-06-10T09:22:59.335357+00:00" hostname="agent-env-6b9530d0-2efa-48f1-a435-a5f110cd0a6a"><testcase classname="test_inventory_and_email_gst" name="test_format_inr_basic" time="0.296" /><testcase classname="test_inventory_and_email_gst" name="test_deduct_inventory_decreases_stock" time="0.006" /><testcase classname="test_inventory_and_email_gst" name="test_deduct_inventory_insufficient_stock_caps_at_zero" time="0.002" /><testcase classname="test_inventory_and_email_gst" name="test_deduct_inventory_multiple_items" time="0.002" /><testcase classname="test_inventory_and_email_gst" name="test_email_template_contains_gst_breakdown_inr" time="0.000" /><testcase classname="test_inventory_and_email_gst" name="test_email_template_calculates_gst_when_missing" time="0.000" /><testcase classname="test_inventory_and_email_gst" name="test_end_to_end_order_then_deduct_inventory" time="0.679" /></testsuite></testsuites>