<?xml version="1.0" encoding="utf-8"?><testsuites name="pytest tests"><testsuite name="pytest" errors="0" failures="0" skipped="0" tests="12" time="5.328" timestamp="2026-02-21T10:40:34.476981+00:00" hostname="agent-env-bc5c7cec-c86f-4d36-b3b1-f8aa12317a18"><testcase classname="backend.tests.test_inventory_commission.TestAdminInventoryAndCommission" name="test_admin_inventory_endpoint_success" time="0.402" /><testcase classname="backend.tests.test_inventory_commission.TestAdminInventoryAndCommission" name="test_admin_inventory_vendor_filter" time="0.299" /><testcase classname="backend.tests.test_inventory_commission.TestAdminInventoryAndCommission" name="test_admin_inventory_requires_auth" time="0.239" /><testcase classname="backend.tests.test_inventory_commission.TestAdminInventoryAndCommission" name="test_admin_commission_report_endpoint" time="0.239" /><testcase classname="backend.tests.test_inventory_commission.TestAdminInventoryAndCommission" name="test_admin_commission_report_by_vendor_structure" time="0.225" /><testcase classname="backend.tests.test_inventory_commission.TestAdminInventoryAndCommission" name="test_admin_commission_report_requires_auth" time="0.202" /><testcase classname="backend.tests.test_inventory_commission.TestProductApprovalWithCommission" name="test_product_approval_with_custom_commission" time="1.174" /><testcase classname="backend.tests.test_inventory_commission.TestVendorInventory" name="test_vendor_inventory_endpoint_success" time="0.526" /><testcase classname="backend.tests.test_inventory_commission.TestVendorInventory" name="test_vendor_inventory_items_structure" time="0.511" /><testcase classname="backend.tests.test_inventory_commission.TestVendorInventory" name="test_vendor_inventory_requires_auth" time="0.509" /><testcase classname="backend.tests.test_inventory_commission.TestVendorInventory" name="test_vendor_inventory_requires_vendor_role" time="0.671" /><testcase classname="backend.tests.test_inventory_commission.TestSalesReport" name="test_admin_sales_report_endpoint" time="0.210" /></testsuite></testsuites>