<?xml version="1.0" encoding="utf-8"?><testsuites name="pytest tests"><testsuite name="pytest" errors="0" failures="0" skipped="0" tests="17" time="3.511" timestamp="2026-02-21T10:51:25.599733+00:00" hostname="agent-env-bc5c7cec-c86f-4d36-b3b1-f8aa12317a18"><testcase classname="backend.tests.test_order_management.TestAdminOrders" name="test_admin_get_all_orders" time="0.220" /><testcase classname="backend.tests.test_order_management.TestAdminOrders" name="test_admin_filter_orders_by_status" time="0.116" /><testcase classname="backend.tests.test_order_management.TestAdminOrders" name="test_admin_filter_orders_by_payment_status" time="0.106" /><testcase classname="backend.tests.test_order_management.TestVendorOrderManagement" name="test_vendor_get_orders" time="0.414" /><testcase classname="backend.tests.test_order_management.TestVendorOrderManagement" name="test_vendor_update_order_status_valid_statuses" time="0.196" /><testcase classname="backend.tests.test_order_management.TestVendorOrderManagement" name="test_vendor_update_order_status_invalid_status" time="0.191" /><testcase classname="backend.tests.test_order_management.TestVendorOrderManagement" name="test_vendor_update_shipping_info" time="0.194" /><testcase classname="backend.tests.test_order_management.TestVendorOrderManagement" name="test_vendor_get_order_detail" time="0.201" /><testcase classname="backend.tests.test_order_management.TestClinicOrderTracking" name="test_clinic_get_orders" time="0.423" /><testcase classname="backend.tests.test_order_management.TestClinicOrderTracking" name="test_clinic_get_order_detail_with_tracking" time="0.191" /><testcase classname="backend.tests.test_order_management.TestAdminOrderDetail" name="test_admin_get_order_detail" time="0.200" /><testcase classname="backend.tests.test_order_management.TestAdminOrderDetail" name="test_admin_order_not_found" time="0.102" /><testcase classname="backend.tests.test_order_management.TestStatusFlowValidation" name="test_status_to_shipped_adds_timestamp" time="0.321" /><testcase classname="backend.tests.test_order_management.TestStatusFlowValidation" name="test_status_to_delivered_adds_timestamp" time="0.293" /><testcase classname="backend.tests.test_order_management.TestAuthorizationChecks" name="test_admin_orders_requires_auth" time="0.095" /><testcase classname="backend.tests.test_order_management.TestAuthorizationChecks" name="test_vendor_orders_requires_auth" time="0.095" /><testcase classname="backend.tests.test_order_management.TestAuthorizationChecks" name="test_clinic_orders_requires_auth" time="0.101" /></testsuite></testsuites>