<?xml version="1.0" encoding="utf-8"?><testsuites name="pytest tests"><testsuite name="pytest" errors="0" failures="0" skipped="0" tests="13" time="5.419" timestamp="2026-03-09T06:52:30.135803+00:00" hostname="agent-env-6b9530d0-2efa-48f1-a435-a5f110cd0a6a"><testcase classname="backend.tests.test_settings_and_cart.TestStripeSettings" name="test_get_stripe_settings" time="0.301" /><testcase classname="backend.tests.test_settings_and_cart.TestStripeSettings" name="test_put_stripe_settings_sandbox" time="0.367" /><testcase classname="backend.tests.test_settings_and_cart.TestStripeSettings" name="test_put_stripe_settings_live_mode" time="0.589" /><testcase classname="backend.tests.test_settings_and_cart.TestStripeSettings" name="test_stripe_settings_unauthorized" time="0.223" /><testcase classname="backend.tests.test_settings_and_cart.TestSendGridSettings" name="test_get_sendgrid_settings" time="0.200" /><testcase classname="backend.tests.test_settings_and_cart.TestSendGridSettings" name="test_put_sendgrid_settings_sandbox" time="0.313" /><testcase classname="backend.tests.test_settings_and_cart.TestSendGridSettings" name="test_put_sendgrid_settings_live_mode" time="0.426" /><testcase classname="backend.tests.test_settings_and_cart.TestSendGridSettings" name="test_sendgrid_settings_unauthorized" time="0.230" /><testcase classname="backend.tests.test_settings_and_cart.TestProductApprovalFlow" name="test_clinic_can_see_all_approved_products" time="0.548" /><testcase classname="backend.tests.test_settings_and_cart.TestProductApprovalFlow" name="test_clinic_products_endpoint" time="0.523" /><testcase classname="backend.tests.test_settings_and_cart.TestOrderCreationFlow" name="test_order_creation_with_approved_product" time="0.533" /><testcase classname="backend.tests.test_settings_and_cart.TestCartPriceCalculation" name="test_product_price_and_currency_fields" time="0.436" /><testcase classname="backend.tests.test_settings_and_cart.TestCartPriceCalculation" name="test_order_total_calculation" time="0.548" /></testsuite></testsuites>